Installing package into ‘/mnt/fastscratch/users/frazai/.r_libs_user/4.5.2’
(as ‘lib’ is unspecified)
trying URL 'https://cloud.r-project.org/src/contrib/bnlearn_5.1.tar.gz'
Content type 'application/x-gzip' length 1341966 bytes (1.3 MB)
==================================================
downloaded 1.3 MB

 
Warning: The system is configured to read the RTC time in the local time zone.
         This mode cannot be fully supported. It will create various problems
         with time zone changes and daylight saving time adjustments. The RTC
         time is never updated, it relies on external facilities to maintain it.
         If at all possible, use RTC in UTC by calling
         'timedatectl set-local-rtc 0'.
* installing *source* package ‘bnlearn’ ...
** this is package ‘bnlearn’ version ‘5.1’
** package ‘bnlearn’ successfully unpacked and MD5 sums checked
** using staged installation
** libs
using C compiler: ‘gcc (Spack GCC) 14.2.0’
installing to /mnt/fastscratch/users/frazai/.r_libs_user/4.5.2/00LOCK-bnlearn/00new/bnlearn/libs
** R
** data
*** moving datasets to lazyload DB
** inst
** byte-compile and prepare package for lazy loading
** help
*** installing help indices
** building package indices
** testing if installed package can be loaded from temporary location
** checking absolute paths in shared objects and dynamic libraries
** testing if installed package can be loaded from final location
** testing if installed package keeps a record of temporary installation path
* DONE (bnlearn)

The downloaded source packages are in
	‘/tmp/RtmphwlBK5/downloaded_packages’
[config] TCGABIOVAL_GDCDATA_ROOT override: /users/frazai/fastscratch/BNPipeline/GDCdata
 
Warning: The system is configured to read the RTC time in the local time zone.
         This mode cannot be fully supported. It will create various problems
         with time zone changes and daylight saving time adjustments. The RTC
         time is never updated, it relies on external facilities to maintain it.
         If at all possible, use RTC in UTC by calling
         'timedatectl set-local-rtc 0'.
[2026-04-13 08:46:21] INFO: ============================================================
[2026-04-13 08:46:21] INFO: TCGABioVal Pipeline
[2026-04-13 08:46:21] INFO: Cohort: TCGA-GBM
[2026-04-13 08:46:21] INFO: Stages: 05
[2026-04-13 08:46:21] INFO: ============================================================
[2026-04-13 08:46:21] INFO: 
[2026-04-13 08:46:21] INFO: >>> Stage 05: BN learning (bnlearn HC)
[2026-04-13 08:46:21] INFO: ============================================================
[2026-04-13 08:46:21] INFO: Starting: 05 — BN Learning (bnlearn HC)
[2026-04-13 08:46:21] INFO: ============================================================
[2026-04-13 08:46:21] INFO: --- Single-run structure learning ---
[2026-04-13 08:46:21] INFO: Algorithm: hc
[2026-04-13 08:46:21] INFO: Score: bic-g
[2026-04-13 08:46:21] INFO: Restarts: 50, Perturb: 5
[2026-04-13 08:46:21] INFO: Learning DAG from 372 samples × 187 genes
[2026-04-13 08:47:20] INFO: Learned DAG: 187 nodes, 1439 edges
[2026-04-13 08:47:20] INFO: Saved HC DAG → 05_bn_hc_dag.rds (37,837 bytes)
[2026-04-13 08:47:20] INFO: --- Bootstrap stability assessment ---
[2026-04-13 08:47:20] INFO: Bootstrap stability: 50 resamples
[2026-04-13 08:47:20] INFO: Edge threshold: 0.5
